--------------------------------------------------
TEST 2.18: Multi-client, multi-server; writes visible [SEARCH] (20pts)
  START [2026-03-04 05:33:43.14]...

Initializing view...
View initialized.

Sending client requests...
Client requests sent.

Starting breadth-first search...
	Explored: 1, Depth: 22 (0.00s, 1.00K states/s)
	Explored: 457, Depth: 27 (0.03s, 15.23K states/s)
Search finished.

Starting breadth-first search...
	Explored: 8, Depth: 23 (0.01s, 0.80K states/s)
	Explored: 138214, Depth: 37 (5.00s, 27.64K states/s)
	Explored: 262819, Depth: 41 (10.00s, 26.28K states/s)
	Explored: 360288, Depth: 50 (14.28s, 25.23K states/s)
Search finished.

Starting breadth-first search...
	Explored: 69, Depth: 24 (0.00s, 34.50K states/s)
	Explored: 145577, Depth: 36 (5.00s, 29.10K states/s)
	Explored: 275885, Depth: 39 (10.00s, 27.58K states/s)
	Explored: 396236, Depth: 43 (15.00s, 26.41K states/s)
	Explored: 432880, Depth: 50 (16.53s, 26.18K states/s)
Search finished.

Starting breadth-first search...
	Explored: 72, Depth: 21 (0.00s, 24.00K states/s)
	Explored: 158693, Depth: 33 (5.00s, 31.72K states/s)
	Explored: 299758, Depth: 35 (10.00s, 29.97K states/s)
	Explored: 429095, Depth: 37 (15.00s, 28.60K states/s)
	Explored: 554634, Depth: 38 (20.00s, 27.73K states/s)
	Explored: 643829, Depth: 39 (25.00s, 25.75K states/s)
	Explored: 741661, Depth: 40 (30.00s, 24.72K states/s)
Search finished.

...PASS [2026-03-04 05:34:47.04] (63.908s)
==================================================

Tests passed: 1/1
Points: 20/20 (100.00%)
Total time: 63.916s

ALL PASS
==================================================
