--------------------------------------------------
TEST 2.20: Multi-client, multi-server random depth-first search [SEARCH] (20pts)
  START [2026-03-04 05:34:52.49]...

Starting random depth-first search...
	Explored: 8, Num Probes: 5 (0.01s, 1.00K explored/s)
	Explored: 1964065, Num Probes: 1832 (5.01s, 392.19K explored/s)
	Explored: 4766598, Num Probes: 4440 (10.01s, 476.28K explored/s)
	Explored: 7561467, Num Probes: 7040 (15.01s, 503.83K explored/s)
	Explored: 10341579, Num Probes: 9626 (20.01s, 516.87K explored/s)
	Explored: 13132296, Num Probes: 12225 (25.01s, 525.12K explored/s)
	Explored: 15264124, Num Probes: 14209 (30.01s, 508.67K explored/s)
	Explored: 18118507, Num Probes: 16866 (35.01s, 517.55K explored/s)
	Explored: 20935214, Num Probes: 19486 (40.01s, 523.28K explored/s)
	Explored: 23751569, Num Probes: 22105 (45.01s, 527.70K explored/s)
Search finished.

...PASS [2026-03-04 05:35:37.58] (45.095s)
==================================================

Tests passed: 1/1
Points: 20/20 (100.00%)
Total time: 45.102s

ALL PASS
==================================================
