--------------------------------------------------
TEST 1.1: Basic key-value operations (5pts)
  START [2026-02-10 02:33:52.86]...

...PASS [2026-02-10 02:33:52.87] (0.014s)
--------------------------------------------------
TEST 2.1: Client throws InterruptedException [RUN] (5pts)
  START [2026-02-10 02:33:52.87]...

...PASS [2026-02-10 02:33:53.44] (0.566s)
--------------------------------------------------
TEST 2.2: Single client basic operations [RUN] (20pts)
  START [2026-02-10 02:33:53.44]...

...PASS [2026-02-10 02:33:53.50] (0.064s)
--------------------------------------------------
TEST 2.3: Multi-client different key appends [RUN] (20pts)
  START [2026-02-10 02:33:53.50]...

...PASS [2026-02-10 02:33:53.61] (0.105s)
--------------------------------------------------
TEST 2.4: Multi-client same key appends [RUN] (30pts)
  START [2026-02-10 02:33:53.61]...

...PASS [2026-02-10 02:33:53.67] (0.066s)
--------------------------------------------------
TEST 2.5: Single client can finish operations [RUN] [UNRELIABLE] (20pts)
  START [2026-02-10 02:33:53.67]...

...PASS [2026-02-10 02:34:00.76] (7.084s)
--------------------------------------------------
TEST 3.1: Single client basic operations [RUN] [UNRELIABLE] (20pts)
  START [2026-02-10 02:34:00.76]...

...PASS [2026-02-10 02:34:04.03] (3.268s)
--------------------------------------------------
TEST 3.2: Single client sequential appends [RUN] [UNRELIABLE] (20pts)
  START [2026-02-10 02:34:04.03]...

...PASS [2026-02-10 02:34:07.20] (3.175s)
--------------------------------------------------
TEST 3.3: Multi-client different key appends [RUN] [UNRELIABLE] (20pts)
  START [2026-02-10 02:34:07.20]...

...PASS [2026-02-10 02:34:15.59] (8.385s)
--------------------------------------------------
TEST 3.4: Multi-client same key appends [RUN] [UNRELIABLE] (20pts)
  START [2026-02-10 02:34:15.59]...

...PASS [2026-02-10 02:34:16.05] (0.462s)
--------------------------------------------------
TEST 3.5: Old commands garbage collected [RUN] (20pts)
  START [2026-02-10 02:34:16.05]...

Using 3.1 kB at start.
Using 90.6 MB after appends.
Using 5.1 kB at end.
...PASS [2026-02-10 02:34:16.96] (0.908s)
--------------------------------------------------
TEST 3.6: Long-running workload [RUN] (20pts)
  START [2026-02-10 02:34:16.96]...

Maximum client wait time 22 ms (1000 ms allowed)
...PASS [2026-02-10 02:34:47.02] (30.059s)
--------------------------------------------------
TEST 3.7: Single client; Put, Append, Get [SEARCH] (20pts)
  START [2026-02-10 02:34:47.02]...

Checking that an end state is reachable
Starting breadth-first search...
	Explored: 1, Depth: 0 (0.00s, 0.33K states/s)
	Explored: 14, Depth: 7 (0.03s, 0.54K states/s)
Search finished.

Checking that all reachable states are good
Starting breadth-first search...
	Explored: 2, Depth: 1 (0.00s, 2.00K states/s)
	Explored: 15, Depth: 8 (0.01s, 1.36K states/s)
Search finished.

Checking that there is no progress if client and server cannot communicate
Starting breadth-first search...
	Explored: 1, Depth: 0 (0.00s, 0.33K states/s)
Search finished.

...PASS [2026-02-10 02:34:47.11] (0.098s)
--------------------------------------------------
TEST 3.8: Single client; Append, Append, Get [SEARCH] (20pts)
  START [2026-02-10 02:34:47.11]...

Checking that an end state is reachable
Starting breadth-first search...
	Explored: 2, Depth: 1 (0.00s, 0.67K states/s)
	Explored: 14, Depth: 7 (0.01s, 1.75K states/s)
Search finished.

Checking that all reachable states are good
Starting breadth-first search...
	Explored: 5, Depth: 3 (0.00s, 2.50K states/s)
	Explored: 15, Depth: 8 (0.01s, 2.50K states/s)
Search finished.

...PASS [2026-02-10 02:34:47.18] (0.069s)
--------------------------------------------------
TEST 3.9: Multi-client different keys [SEARCH] (20pts)
  START [2026-02-10 02:34:47.18]...

Checking that an end state is reachable
Starting breadth-first search...
	Explored: 3, Depth: 1 (0.00s, 3.00K states/s)
	Explored: 193, Depth: 12 (0.05s, 3.64K states/s)
Search finished.

Checking that all reachable states are good
Starting breadth-first search...
	Explored: 5, Depth: 2 (0.00s, 5.00K states/s)
	Explored: 255, Depth: 17 (0.11s, 2.41K states/s)
Search finished.

...PASS [2026-02-10 02:34:47.40] (0.216s)
--------------------------------------------------
TEST 3.10: Multi-client same key [SEARCH] (20pts)
  START [2026-02-10 02:34:47.40]...

Checking that an end state is reachable
Starting breadth-first search...
	Explored: 3, Depth: 1 (0.00s, 3.00K states/s)
	Explored: 995, Depth: 12 (0.20s, 5.10K states/s)
Search finished.

Checking that all reachable states are good
Starting breadth-first search...
	Explored: 3, Depth: 1 (0.00s, 3.00K states/s)
	Explored: 2117, Depth: 17 (0.20s, 10.53K states/s)
Search finished.

...PASS [2026-02-10 02:34:47.85] (0.452s)
--------------------------------------------------
TEST 3.11: Infinite workload searches [SEARCH] (20pts)
  START [2026-02-10 02:34:47.85]...

Checking that all reachable states are good
Starting breadth-first search...
	Explored: 2, Depth: 1 (0.00s, 0.67K states/s)
	Explored: 5987, Depth: 188 (5.00s, 1.20K states/s)
	Explored: 9215, Depth: 233 (10.00s, 0.92K states/s)
	Explored: 11697, Depth: 263 (15.01s, 0.78K states/s)
Search finished.

Starting random depth-first search...
	Explored: 0, Num Probes: 0 (0.01s, 0.00K explored/s)
	Explored: 1215990, Num Probes: 1166 (5.00s, 243.20K explored/s)
	Explored: 2184462, Num Probes: 2094 (10.00s, 218.45K explored/s)
	Explored: 3566756, Num Probes: 3416 (15.00s, 237.78K explored/s)
	Explored: 3570072, Num Probes: 3416 (15.02s, 237.64K explored/s)
Search finished.

Starting random depth-first search...
	Explored: 2220, Num Probes: 6 (0.01s, 317.14K explored/s)
	Explored: 1357645, Num Probes: 1280 (5.01s, 271.15K explored/s)
	Explored: 2732070, Num Probes: 2571 (10.01s, 273.02K explored/s)
	Explored: 4082184, Num Probes: 3838 (15.02s, 271.80K explored/s)
Search finished.

...PASS [2026-02-10 02:35:32.96] (45.11s)
==================================================

Tests passed: 17/17
Points: 320/320 (100.00%)
Total time: 100.113s

ALL PASS
==================================================
