--------------------------------------------------
TEST 1.10: Uninitialized server not made primary (5pts)
  START [2026-02-10 02:42:13.15]...

...PASS [2026-02-10 02:42:13.16] (0.01s)
==================================================

Tests passed: 1/1
Points: 5/5 (100.00%)
Total time: 0.017s

ALL PASS
==================================================
--------------------------------------------------
TEST 1.11: Dead idle server shouldn't become backup (5pts)
  START [2026-02-10 02:42:13.40]...

...PASS [2026-02-10 02:42:13.40] (0.009s)
==================================================

Tests passed: 1/1
Points: 5/5 (100.00%)
Total time: 0.014s

ALL PASS
==================================================
--------------------------------------------------
TEST 1.12: Consecutive views have different configurations (5pts)
  START [2026-02-10 02:42:13.64]...

...PASS [2026-02-10 02:42:13.65] (0.009s)
==================================================

Tests passed: 1/1
Points: 5/5 (100.00%)
Total time: 0.016s

ALL PASS
==================================================
--------------------------------------------------
TEST 1.1: Startup view (5pts)
  START [2026-02-10 02:42:10.94]...

...PASS [2026-02-10 02:42:10.94] (0.007s)
==================================================

Tests passed: 1/1
Points: 5/5 (100.00%)
Total time: 0.013s

ALL PASS
==================================================
--------------------------------------------------
TEST 1.2: Primary initialized (5pts)
  START [2026-02-10 02:42:11.19]...

...PASS [2026-02-10 02:42:11.20] (0.009s)
==================================================

Tests passed: 1/1
Points: 5/5 (100.00%)
Total time: 0.016s

ALL PASS
==================================================
--------------------------------------------------
TEST 1.3: Backup initialized (5pts)
  START [2026-02-10 02:42:11.44]...

...PASS [2026-02-10 02:42:11.45] (0.009s)
==================================================

Tests passed: 1/1
Points: 5/5 (100.00%)
Total time: 0.015s

ALL PASS
==================================================
--------------------------------------------------
TEST 1.4: Backup pings first, initialized (5pts)
  START [2026-02-10 02:42:11.69]...

...PASS [2026-02-10 02:42:11.70] (0.01s)
==================================================

Tests passed: 1/1
Points: 5/5 (100.00%)
Total time: 0.02s

ALL PASS
==================================================
--------------------------------------------------
TEST 1.5: Backup takes over (5pts)
  START [2026-02-10 02:42:11.94]...

...PASS [2026-02-10 02:42:11.95] (0.009s)
==================================================

Tests passed: 1/1
Points: 5/5 (100.00%)
Total time: 0.015s

ALL PASS
==================================================
--------------------------------------------------
TEST 1.6: Old primary becomes backup (5pts)
  START [2026-02-10 02:42:12.18]...

...PASS [2026-02-10 02:42:12.19] (0.009s)
==================================================

Tests passed: 1/1
Points: 5/5 (100.00%)
Total time: 0.015s

ALL PASS
==================================================
--------------------------------------------------
TEST 1.7: Idle server becomes backup (5pts)
  START [2026-02-10 02:42:12.41]...

...PASS [2026-02-10 02:42:12.42] (0.009s)
==================================================

Tests passed: 1/1
Points: 5/5 (100.00%)
Total time: 0.015s

ALL PASS
==================================================
--------------------------------------------------
TEST 1.8: Wait for primary ACK (5pts)
  START [2026-02-10 02:42:12.67]...

...PASS [2026-02-10 02:42:12.67] (0.009s)
==================================================

Tests passed: 1/1
Points: 5/5 (100.00%)
Total time: 0.016s

ALL PASS
==================================================
--------------------------------------------------
TEST 1.9: Dead backup removed (5pts)
  START [2026-02-10 02:42:12.91]...

...PASS [2026-02-10 02:42:12.91] (0.008s)
==================================================

Tests passed: 1/1
Points: 5/5 (100.00%)
Total time: 0.014s

ALL PASS
==================================================
