--------------------------------------------------
TEST 10: Message count [RUN] (10pts)
  START [2026-03-22 08:04:31.07]...

...PASS [2026-03-22 08:04:31.35] (0.276s)
==================================================

Tests passed: 1/1
Points: 10/10 (100.00%)
Total time: 0.281s

ALL PASS
==================================================
--------------------------------------------------
TEST 12: Single client, simple operations [RUN] [UNRELIABLE] (10pts)
  START [2026-03-22 08:04:31.55]...

...PASS [2026-03-22 08:04:32.18] (0.624s)
==================================================

Tests passed: 1/1
Points: 10/10 (100.00%)
Total time: 0.631s

ALL PASS
==================================================
--------------------------------------------------
TEST 13: Two sequential clients [RUN] [UNRELIABLE] (10pts)
  START [2026-03-22 08:04:32.37]...

...PASS [2026-03-22 08:04:32.67] (0.294s)
==================================================

Tests passed: 1/1
Points: 10/10 (100.00%)
Total time: 0.3s

ALL PASS
==================================================
--------------------------------------------------
TEST 14: Multiple clients, synchronous put/get [RUN] [UNRELIABLE] (15pts)
  START [2026-03-22 08:04:32.86]...

...PASS [2026-03-22 08:04:40.14] (7.276s)
==================================================

Tests passed: 1/1
Points: 15/15 (100.00%)
Total time: 7.283s

ALL PASS
==================================================
--------------------------------------------------
TEST 15: Multiple clients, concurrent appends [RUN] [UNRELIABLE] (15pts)
  START [2026-03-22 08:04:40.34]...

...PASS [2026-03-22 08:04:41.05] (0.703s)
==================================================

Tests passed: 1/1
Points: 15/15 (100.00%)
Total time: 0.71s

ALL PASS
==================================================
--------------------------------------------------
TEST 1: Client throws InterruptedException [RUN] (5pts)
  START [2026-03-22 08:04:23.61]...

...PASS [2026-03-22 08:04:24.19] (0.583s)
==================================================

Tests passed: 1/1
Points: 5/5 (100.00%)
Total time: 0.592s

ALL PASS
==================================================
--------------------------------------------------
TEST 2: Single client, simple operations [RUN] (5pts)
  START [2026-03-22 08:04:24.40]...

...PASS [2026-03-22 08:04:24.60] (0.2s)
==================================================

Tests passed: 1/1
Points: 5/5 (100.00%)
Total time: 0.206s

ALL PASS
==================================================
--------------------------------------------------
TEST 3: Progress with no partition [RUN] (5pts)
  START [2026-03-22 08:04:24.80]...

...PASS [2026-03-22 08:04:25.00] (0.198s)
==================================================

Tests passed: 1/1
Points: 5/5 (100.00%)
Total time: 0.205s

ALL PASS
==================================================
--------------------------------------------------
TEST 4: Progress in majority [RUN] (5pts)
  START [2026-03-22 08:04:25.20]...

...PASS [2026-03-22 08:04:25.38] (0.185s)
==================================================

Tests passed: 1/1
Points: 5/5 (100.00%)
Total time: 0.191s

ALL PASS
==================================================
--------------------------------------------------
TEST 5: No progress in minority [RUN] (5pts)
  START [2026-03-22 08:04:25.58]...

...PASS [2026-03-22 08:04:27.66] (2.085s)
==================================================

Tests passed: 1/1
Points: 5/5 (100.00%)
Total time: 2.09s

ALL PASS
==================================================
--------------------------------------------------
TEST 6: Progress after partition healed [RUN] (5pts)
  START [2026-03-22 08:04:27.87]...

...PASS [2026-03-22 08:04:29.97] (2.099s)
==================================================

Tests passed: 1/1
Points: 5/5 (100.00%)
Total time: 2.106s

ALL PASS
==================================================
--------------------------------------------------
TEST 8: Multiple clients, synchronous put/get [RUN] (10pts)
  START [2026-03-22 08:04:30.19]...

...PASS [2026-03-22 08:04:30.46] (0.269s)
==================================================

Tests passed: 1/1
Points: 10/10 (100.00%)
Total time: 0.276s

ALL PASS
==================================================
--------------------------------------------------
TEST 9: Multiple clients, concurrent appends [RUN] (10pts)
  START [2026-03-22 08:04:30.66]...

...PASS [2026-03-22 08:04:30.87] (0.206s)
==================================================

Tests passed: 1/1
Points: 10/10 (100.00%)
Total time: 0.212s

ALL PASS
==================================================
