--------------------------------------------------
TEST 1.1: Commands return OK (5pts)
  START [2026-04-15 22:54:02.02]...

...PASS [2026-04-15 22:54:02.03] (0.012s)
==================================================

Tests passed: 1/1
Points: 5/5 (100.00%)
Total time: 0.018s

ALL PASS
==================================================
--------------------------------------------------
TEST 1.2: Initial query returns NO_CONFIG (5pts)
  START [2026-04-15 22:54:02.26]...

...PASS [2026-04-15 22:54:02.27] (0.008s)
==================================================

Tests passed: 1/1
Points: 5/5 (100.00%)
Total time: 0.014s

ALL PASS
==================================================
--------------------------------------------------
TEST 1.3: Bad commands return ERROR (5pts)
  START [2026-04-15 22:54:02.49]...

...PASS [2026-04-15 22:54:02.51] (0.014s)
==================================================

Tests passed: 1/1
Points: 5/5 (100.00%)
Total time: 0.021s

ALL PASS
==================================================
--------------------------------------------------
TEST 1.4: Initial config correct (5pts)
  START [2026-04-15 22:54:02.73]...

...PASS [2026-04-15 22:54:02.74] (0.013s)
==================================================

Tests passed: 1/1
Points: 5/5 (100.00%)
Total time: 0.019s

ALL PASS
==================================================
--------------------------------------------------
TEST 1.5: Basic join/leave (5pts)
  START [2026-04-15 22:54:02.96]...

...PASS [2026-04-15 22:54:02.99] (0.024s)
==================================================

Tests passed: 1/1
Points: 5/5 (100.00%)
Total time: 0.032s

ALL PASS
==================================================
--------------------------------------------------
TEST 1.6: Historical queries (5pts)
  START [2026-04-15 22:54:03.21]...

...PASS [2026-04-15 22:54:03.22] (0.016s)
==================================================

Tests passed: 1/1
Points: 5/5 (100.00%)
Total time: 0.022s

ALL PASS
==================================================
--------------------------------------------------
TEST 1.7: Move command (5pts)
  START [2026-04-15 22:54:03.46]...

...PASS [2026-04-15 22:54:03.47] (0.015s)
==================================================

Tests passed: 1/1
Points: 5/5 (100.00%)
Total time: 0.022s

ALL PASS
==================================================
--------------------------------------------------
TEST 1.8: Application deterministic (10pts)
  START [2026-04-15 22:54:03.68]...

...PASS [2026-04-15 22:54:03.72] (0.039s)
==================================================

Tests passed: 1/1
Points: 10/10 (100.00%)
Total time: 0.044s

ALL PASS
==================================================
